[debug] [2024-10-22T13:36:03.285Z] ----------------------------------------------------------------------
[debug] [2024-10-22T13:36:03.287Z] Command:       C:\Program Files\nodejs\node.exe C:\Users\ADMIN\AppData\Roaming\npm\node_modules\firebase-tools\lib\bin\firebase.js init hosting
[debug] [2024-10-22T13:36:03.287Z] CLI Version:   13.22.1
[debug] [2024-10-22T13:36:03.287Z] Platform:      win32
[debug] [2024-10-22T13:36:03.288Z] Node Version:  v20.10.0
[debug] [2024-10-22T13:36:03.288Z] Time:          Tue Oct 22 2024 19:06:03 GMT+0530 (India Standard Time)
[debug] [2024-10-22T13:36:03.288Z] ----------------------------------------------------------------------
[debug] 
[debug] [2024-10-22T13:36:03.291Z] > command requires scopes: ["email","openid","https://www.googleapis.com/auth/cloudplatformprojects.readonly","https://www.googleapis.com/auth/firebase","https://www.googleapis.com/auth/cloud-platform"]
[debug] [2024-10-22T13:36:03.292Z] > authorizing via signed-in user (ttrgharsha2001@gmail.com)
[info] 
     ######## #### ########  ######## ########     ###     ######  ########
     ##        ##  ##     ## ##       ##     ##  ##   ##  ##       ##
     ######    ##  ########  ######   ########  #########  ######  ######
     ##        ##  ##    ##  ##       ##     ## ##     ##       ## ##
     ##       #### ##     ## ######## ########  ##     ##  ######  ########

You're about to initialize a Firebase project in this directory:

  D:\ifc-app2

[info] 
=== Project Setup
[info] 
[info] First, let's associate this project directory with a Firebase project.
[info] You can create multiple project aliases by running firebase use --add, 
[info] but for now we'll just set up a default project.
[info] 
[debug] [2024-10-22T13:36:27.456Z] Checked if tokens are valid: true, expires at: 1729607749901
[debug] [2024-10-22T13:36:27.457Z] Checked if tokens are valid: true, expires at: 1729607749901
[debug] [2024-10-22T13:36:27.459Z] >>> [apiv2][query] GET https://firebase.googleapis.com/v1beta1/projects pageSize=100
[debug] [2024-10-22T13:36:28.156Z] <<< [apiv2][status] GET https://firebase.googleapis.com/v1beta1/projects 200
[debug] [2024-10-22T13:36:28.156Z] <<< [apiv2][body] GET https://firebase.googleapis.com/v1beta1/projects [omitted]
[info] i  Using project react-app-452e4 (react-app) 
[info] 
=== Hosting Setup
[debug] [2024-10-22T13:36:37.279Z] Checked if tokens are valid: true, expires at: 1729607749901
[debug] [2024-10-22T13:36:37.279Z] Checked if tokens are valid: true, expires at: 1729607749901
[debug] [2024-10-22T13:36:37.279Z] >>> [apiv2][query] GET https://firebase.googleapis.com/v1beta1/projects/react-app-452e4 [none]
[debug] [2024-10-22T13:36:37.772Z] <<< [apiv2][status] GET https://firebase.googleapis.com/v1beta1/projects/react-app-452e4 200
[debug] [2024-10-22T13:36:37.772Z] <<< [apiv2][body] GET https://firebase.googleapis.com/v1beta1/projects/react-app-452e4 {"projectId":"react-app-452e4","projectNumber":"9537290639","displayName":"react-app","name":"projects/react-app-452e4","resources":{"hostingSite":"react-app-452e4","storageBucket":"react-app-452e4.appspot.com","locationId":"asia-south1"},"state":"ACTIVE","etag":"1_f8970904-8219-4640-b858-1ddb7425abf0"}
[info] 
[info] Your public directory is the folder (relative to your project directory) that
[info] will contain Hosting assets to be uploaded with firebase deploy. If you
[info] have a build process for your assets, use your build's output directory.
[info] 
